2024-10-13 02:59:40,952 DEBUG    root            Loaded Command Group: ['gcloud', 'artifacts']
2024-10-13 02:59:40,952 DEBUG    root            Loaded Command Group: ['gcloud', 'artifacts', 'repositories']
2024-10-13 02:59:40,983 DEBUG    root            Loaded Command Group: ['gcloud', 'artifacts', 'repositories', 'list']
2024-10-13 02:59:40,986 DEBUG    root            Running [gcloud.artifacts.repositories.list] with arguments: []
2024-10-13 02:59:41,005 DEBUG    urllib3.connectionpool Starting new HTTPS connection (1): artifactregistry.googleapis.com:443
2024-10-13 02:59:41,213 DEBUG    urllib3.connectionpool https://artifactregistry.googleapis.com:443 "GET /v1beta2/projects/gcp-banorte-hackaton-team-39/locations?alt=json HTTP/1.1" 200 None
2024-10-13 02:59:41,223 INFO     ___FILE_ONLY___ Listing items under project gcp-banorte-hackaton-team-39, across all locations.


2024-10-13 02:59:41,323 DEBUG    urllib3.connectionpool Starting new HTTPS connection (1): artifactregistry.googleapis.com:443
2024-10-13 02:59:41,323 DEBUG    urllib3.connectionpool Starting new HTTPS connection (1): artifactregistry.googleapis.com:443
2024-10-13 02:59:41,324 DEBUG    urllib3.connectionpool Starting new HTTPS connection (1): artifactregistry.googleapis.com:443
2024-10-13 02:59:41,324 DEBUG    urllib3.connectionpool Starting new HTTPS connection (1): artifactregistry.googleapis.com:443
2024-10-13 02:59:41,327 DEBUG    urllib3.connectionpool Starting new HTTPS connection (1): artifactregistry.googleapis.com:443
2024-10-13 02:59:41,327 DEBUG    urllib3.connectionpool Starting new HTTPS connection (1): artifactregistry.googleapis.com:443
2024-10-13 02:59:41,327 DEBUG    urllib3.connectionpool Starting new HTTPS connection (1): artifactregistry.googleapis.com:443
2024-10-13 02:59:41,328 DEBUG    urllib3.connectionpool Starting new HTTPS connection (1): artifactregistry.googleapis.com:443
2024-10-13 02:59:41,330 DEBUG    urllib3.connectionpool Starting new HTTPS connection (1): artifactregistry.googleapis.com:443
2024-10-13 02:59:41,330 DEBUG    urllib3.connectionpool Starting new HTTPS connection (1): artifactregistry.googleapis.com:443
2024-10-13 02:59:41,330 DEBUG    urllib3.connectionpool Starting new HTTPS connection (1): artifactregistry.googleapis.com:443
2024-10-13 02:59:41,330 DEBUG    urllib3.connectionpool Starting new HTTPS connection (1): artifactregistry.googleapis.com:443
2024-10-13 02:59:41,331 DEBUG    urllib3.connectionpool Starting new HTTPS connection (1): artifactregistry.googleapis.com:443
2024-10-13 02:59:41,332 DEBUG    urllib3.connectionpool Starting new HTTPS connection (1): artifactregistry.googleapis.com:443
2024-10-13 02:59:41,332 DEBUG    urllib3.connectionpool Starting new HTTPS connection (1): artifactregistry.googleapis.com:443
2024-10-13 02:59:41,332 DEBUG    urllib3.connectionpool Starting new HTTPS connection (1): artifactregistry.googleapis.com:443
2024-10-13 02:59:41,332 DEBUG    urllib3.connectionpool Starting new HTTPS connection (1): artifactregistry.googleapis.com:443
2024-10-13 02:59:41,332 DEBUG    urllib3.connectionpool Starting new HTTPS connection (1): artifactregistry.googleapis.com:443
2024-10-13 02:59:41,333 DEBUG    urllib3.connectionpool Starting new HTTPS connection (1): artifactregistry.googleapis.com:443
2024-10-13 02:59:41,334 DEBUG    urllib3.connectionpool Starting new HTTPS connection (1): artifactregistry.googleapis.com:443
2024-10-13 02:59:41,335 DEBUG    urllib3.connectionpool Starting new HTTPS connection (1): artifactregistry.googleapis.com:443
2024-10-13 02:59:41,335 DEBUG    urllib3.connectionpool Starting new HTTPS connection (1): artifactregistry.googleapis.com:443
2024-10-13 02:59:41,335 DEBUG    urllib3.connectionpool Starting new HTTPS connection (1): artifactregistry.googleapis.com:443
2024-10-13 02:59:41,335 DEBUG    urllib3.connectionpool Starting new HTTPS connection (1): artifactregistry.googleapis.com:443
2024-10-13 02:59:41,337 DEBUG    urllib3.connectionpool Starting new HTTPS connection (1): artifactregistry.googleapis.com:443
2024-10-13 02:59:41,338 DEBUG    urllib3.connectionpool Starting new HTTPS connection (1): artifactregistry.googleapis.com:443
2024-10-13 02:59:41,338 DEBUG    urllib3.connectionpool Starting new HTTPS connection (1): artifactregistry.googleapis.com:443
2024-10-13 02:59:41,340 DEBUG    urllib3.connectionpool Starting new HTTPS connection (1): artifactregistry.googleapis.com:443
2024-10-13 02:59:41,340 DEBUG    urllib3.connectionpool Starting new HTTPS connection (1): artifactregistry.googleapis.com:443
2024-10-13 02:59:41,341 DEBUG    urllib3.connectionpool Starting new HTTPS connection (1): artifactregistry.googleapis.com:443
2024-10-13 02:59:41,341 DEBUG    urllib3.connectionpool Starting new HTTPS connection (1): artifactregistry.googleapis.com:443
2024-10-13 02:59:41,341 DEBUG    urllib3.connectionpool Starting new HTTPS connection (1): artifactregistry.googleapis.com:443
2024-10-13 02:59:41,343 DEBUG    urllib3.connectionpool Starting new HTTPS connection (1): artifactregistry.googleapis.com:443
2024-10-13 02:59:41,343 DEBUG    urllib3.connectionpool Starting new HTTPS connection (1): artifactregistry.googleapis.com:443
2024-10-13 02:59:41,343 DEBUG    urllib3.connectionpool Starting new HTTPS connection (1): artifactregistry.googleapis.com:443
2024-10-13 02:59:41,344 DEBUG    urllib3.connectionpool Starting new HTTPS connection (1): artifactregistry.googleapis.com:443
2024-10-13 02:59:41,345 DEBUG    urllib3.connectionpool Starting new HTTPS connection (1): artifactregistry.googleapis.com:443
2024-10-13 02:59:41,345 DEBUG    urllib3.connectionpool Starting new HTTPS connection (1): artifactregistry.googleapis.com:443
2024-10-13 02:59:41,346 DEBUG    urllib3.connectionpool Starting new HTTPS connection (1): artifactregistry.googleapis.com:443
2024-10-13 02:59:41,348 DEBUG    urllib3.connectionpool Starting new HTTPS connection (1): artifactregistry.googleapis.com:443
2024-10-13 02:59:41,348 DEBUG    urllib3.connectionpool Starting new HTTPS connection (1): artifactregistry.googleapis.com:443
2024-10-13 02:59:41,348 DEBUG    urllib3.connectionpool Starting new HTTPS connection (1): artifactregistry.googleapis.com:443
2024-10-13 02:59:41,350 DEBUG    urllib3.connectionpool Starting new HTTPS connection (1): artifactregistry.googleapis.com:443
2024-10-13 02:59:41,570 DEBUG    urllib3.connectionpool https://artifactregistry.googleapis.com:443 "GET /v1/projects/gcp-banorte-hackaton-team-39/locations/us-central1/repositories?alt=json HTTP/1.1" 200 None
2024-10-13 02:59:41,585 DEBUG    urllib3.connectionpool https://artifactregistry.googleapis.com:443 "GET /v1/projects/gcp-banorte-hackaton-team-39/locations/us/repositories?alt=json HTTP/1.1" 200 None
2024-10-13 02:59:41,604 DEBUG    urllib3.connectionpool https://artifactregistry.googleapis.com:443 "GET /v1/projects/gcp-banorte-hackaton-team-39/locations/us-west3/repositories?alt=json HTTP/1.1" 200 None
2024-10-13 02:59:41,609 DEBUG    urllib3.connectionpool https://artifactregistry.googleapis.com:443 "GET /v1/projects/gcp-banorte-hackaton-team-39/locations/us-east1/repositories?alt=json HTTP/1.1" 200 None
2024-10-13 02:59:41,623 DEBUG    urllib3.connectionpool https://artifactregistry.googleapis.com:443 "GET /v1/projects/gcp-banorte-hackaton-team-39/locations/northamerica-northeast1/repositories?alt=json HTTP/1.1" 200 None
2024-10-13 02:59:41,684 DEBUG    urllib3.connectionpool https://artifactregistry.googleapis.com:443 "GET /v1/projects/gcp-banorte-hackaton-team-39/locations/us-east5/repositories?alt=json HTTP/1.1" 200 None
2024-10-13 02:59:41,727 DEBUG    urllib3.connectionpool https://artifactregistry.googleapis.com:443 "GET /v1/projects/gcp-banorte-hackaton-team-39/locations/northamerica-northeast2/repositories?alt=json HTTP/1.1" 200 None
2024-10-13 02:59:41,742 DEBUG    urllib3.connectionpool https://artifactregistry.googleapis.com:443 "GET /v1/projects/gcp-banorte-hackaton-team-39/locations/us-south1/repositories?alt=json HTTP/1.1" 200 None
2024-10-13 02:59:41,784 DEBUG    urllib3.connectionpool https://artifactregistry.googleapis.com:443 "GET /v1/projects/gcp-banorte-hackaton-team-39/locations/us-west1/repositories?alt=json HTTP/1.1" 200 None
2024-10-13 02:59:41,785 DEBUG    urllib3.connectionpool https://artifactregistry.googleapis.com:443 "GET /v1/projects/gcp-banorte-hackaton-team-39/locations/us-east4/repositories?alt=json HTTP/1.1" 200 None
2024-10-13 02:59:41,804 DEBUG    urllib3.connectionpool https://artifactregistry.googleapis.com:443 "GET /v1/projects/gcp-banorte-hackaton-team-39/locations/asia-east2/repositories?alt=json HTTP/1.1" 200 None
2024-10-13 02:59:41,921 DEBUG    urllib3.connectionpool https://artifactregistry.googleapis.com:443 "GET /v1/projects/gcp-banorte-hackaton-team-39/locations/us-west2/repositories?alt=json HTTP/1.1" 200 None
2024-10-13 02:59:41,922 DEBUG    urllib3.connectionpool https://artifactregistry.googleapis.com:443 "GET /v1/projects/gcp-banorte-hackaton-team-39/locations/us-west4/repositories?alt=json HTTP/1.1" 200 None
2024-10-13 02:59:41,924 DEBUG    urllib3.connectionpool https://artifactregistry.googleapis.com:443 "GET /v1/projects/gcp-banorte-hackaton-team-39/locations/asia-south2/repositories?alt=json HTTP/1.1" 200 None
2024-10-13 02:59:42,182 DEBUG    urllib3.connectionpool https://artifactregistry.googleapis.com:443 "GET /v1/projects/gcp-banorte-hackaton-team-39/locations/europe-west2/repositories?alt=json HTTP/1.1" 200 None
2024-10-13 02:59:42,183 DEBUG    urllib3.connectionpool https://artifactregistry.googleapis.com:443 "GET /v1/projects/gcp-banorte-hackaton-team-39/locations/europe-west9/repositories?alt=json HTTP/1.1" 200 None
2024-10-13 02:59:42,196 DEBUG    urllib3.connectionpool https://artifactregistry.googleapis.com:443 "GET /v1/projects/gcp-banorte-hackaton-team-39/locations/europe/repositories?alt=json HTTP/1.1" 200 None
2024-10-13 02:59:42,199 DEBUG    urllib3.connectionpool https://artifactregistry.googleapis.com:443 "GET /v1/projects/gcp-banorte-hackaton-team-39/locations/europe-west1/repositories?alt=json HTTP/1.1" 200 None
2024-10-13 02:59:42,229 DEBUG    urllib3.connectionpool https://artifactregistry.googleapis.com:443 "GET /v1/projects/gcp-banorte-hackaton-team-39/locations/europe-west3/repositories?alt=json HTTP/1.1" 200 None
2024-10-13 02:59:42,232 DEBUG    urllib3.connectionpool https://artifactregistry.googleapis.com:443 "GET /v1/projects/gcp-banorte-hackaton-team-39/locations/europe-west10/repositories?alt=json HTTP/1.1" 200 None
2024-10-13 02:59:42,236 DEBUG    urllib3.connectionpool https://artifactregistry.googleapis.com:443 "GET /v1/projects/gcp-banorte-hackaton-team-39/locations/europe-southwest1/repositories?alt=json HTTP/1.1" 200 None
2024-10-13 02:59:42,250 DEBUG    urllib3.connectionpool https://artifactregistry.googleapis.com:443 "GET /v1/projects/gcp-banorte-hackaton-team-39/locations/europe-west4/repositories?alt=json HTTP/1.1" 200 None
2024-10-13 02:59:42,258 DEBUG    urllib3.connectionpool https://artifactregistry.googleapis.com:443 "GET /v1/projects/gcp-banorte-hackaton-team-39/locations/europe-west6/repositories?alt=json HTTP/1.1" 200 None
2024-10-13 02:59:42,280 DEBUG    urllib3.connectionpool https://artifactregistry.googleapis.com:443 "GET /v1/projects/gcp-banorte-hackaton-team-39/locations/europe-west12/repositories?alt=json HTTP/1.1" 200 None
2024-10-13 02:59:42,282 DEBUG    urllib3.connectionpool https://artifactregistry.googleapis.com:443 "GET /v1/projects/gcp-banorte-hackaton-team-39/locations/europe-west8/repositories?alt=json HTTP/1.1" 200 None
2024-10-13 02:59:42,297 DEBUG    urllib3.connectionpool https://artifactregistry.googleapis.com:443 "GET /v1/projects/gcp-banorte-hackaton-team-39/locations/europe-central2/repositories?alt=json HTTP/1.1" 200 None
2024-10-13 02:59:42,350 DEBUG    urllib3.connectionpool https://artifactregistry.googleapis.com:443 "GET /v1/projects/gcp-banorte-hackaton-team-39/locations/europe-north1/repositories?alt=json HTTP/1.1" 200 None
2024-10-13 02:59:42,451 DEBUG    urllib3.connectionpool https://artifactregistry.googleapis.com:443 "GET /v1/projects/gcp-banorte-hackaton-team-39/locations/asia-northeast1/repositories?alt=json HTTP/1.1" 200 None
2024-10-13 02:59:42,452 DEBUG    urllib3.connectionpool https://artifactregistry.googleapis.com:443 "GET /v1/projects/gcp-banorte-hackaton-team-39/locations/asia-northeast2/repositories?alt=json HTTP/1.1" 200 None
2024-10-13 02:59:42,453 DEBUG    urllib3.connectionpool https://artifactregistry.googleapis.com:443 "GET /v1/projects/gcp-banorte-hackaton-team-39/locations/southamerica-east1/repositories?alt=json HTTP/1.1" 200 None
2024-10-13 02:59:42,462 DEBUG    urllib3.connectionpool https://artifactregistry.googleapis.com:443 "GET /v1/projects/gcp-banorte-hackaton-team-39/locations/southamerica-west1/repositories?alt=json HTTP/1.1" 200 None
2024-10-13 02:59:42,495 DEBUG    urllib3.connectionpool https://artifactregistry.googleapis.com:443 "GET /v1/projects/gcp-banorte-hackaton-team-39/locations/asia-east1/repositories?alt=json HTTP/1.1" 200 None
2024-10-13 02:59:42,503 DEBUG    urllib3.connectionpool https://artifactregistry.googleapis.com:443 "GET /v1/projects/gcp-banorte-hackaton-team-39/locations/asia-northeast3/repositories?alt=json HTTP/1.1" 200 None
2024-10-13 02:59:42,527 DEBUG    urllib3.connectionpool https://artifactregistry.googleapis.com:443 "GET /v1/projects/gcp-banorte-hackaton-team-39/locations/me-west1/repositories?alt=json HTTP/1.1" 200 None
2024-10-13 02:59:42,561 DEBUG    urllib3.connectionpool https://artifactregistry.googleapis.com:443 "GET /v1/projects/gcp-banorte-hackaton-team-39/locations/asia/repositories?alt=json HTTP/1.1" 200 None
2024-10-13 02:59:42,717 DEBUG    urllib3.connectionpool https://artifactregistry.googleapis.com:443 "GET /v1/projects/gcp-banorte-hackaton-team-39/locations/australia-southeast1/repositories?alt=json HTTP/1.1" 200 None
2024-10-13 02:59:42,721 DEBUG    urllib3.connectionpool https://artifactregistry.googleapis.com:443 "GET /v1/projects/gcp-banorte-hackaton-team-39/locations/me-central2/repositories?alt=json HTTP/1.1" 200 None
2024-10-13 02:59:42,763 DEBUG    urllib3.connectionpool https://artifactregistry.googleapis.com:443 "GET /v1/projects/gcp-banorte-hackaton-team-39/locations/australia-southeast2/repositories?alt=json HTTP/1.1" 200 None
2024-10-13 02:59:42,768 DEBUG    urllib3.connectionpool https://artifactregistry.googleapis.com:443 "GET /v1/projects/gcp-banorte-hackaton-team-39/locations/asia-southeast1/repositories?alt=json HTTP/1.1" 200 None
2024-10-13 02:59:42,812 DEBUG    urllib3.connectionpool https://artifactregistry.googleapis.com:443 "GET /v1/projects/gcp-banorte-hackaton-team-39/locations/asia-southeast2/repositories?alt=json HTTP/1.1" 200 None
2024-10-13 02:59:42,973 DEBUG    urllib3.connectionpool https://artifactregistry.googleapis.com:443 "GET /v1/projects/gcp-banorte-hackaton-team-39/locations/me-central1/repositories?alt=json HTTP/1.1" 200 None
2024-10-13 02:59:43,121 DEBUG    urllib3.connectionpool https://artifactregistry.googleapis.com:443 "GET /v1/projects/gcp-banorte-hackaton-team-39/locations/africa-south1/repositories?alt=json HTTP/1.1" 200 None
2024-10-13 02:59:43,159 DEBUG    urllib3.connectionpool https://artifactregistry.googleapis.com:443 "GET /v1/projects/gcp-banorte-hackaton-team-39/locations/asia-south1/repositories?alt=json HTTP/1.1" 200 None
2024-10-13 02:59:43,165 DEBUG    root            Chosen display Format:    table[title="ARTIFACT_REGISTRY"](
         name.basename():label=REPOSITORY,
         format:label=FORMAT,
         mode.basename(undefined=STANDARD_REPOSITORY):label=MODE,
         description:label=DESCRIPTION,
         name.segment(3):label=LOCATION,
         labels.list():label=LABELS,
         kmsKeyName.yesno(yes='Customer-managed key', no='Google-managed key'):label=ENCRYPTION,
         createTime.date(tz=LOCAL),
         updateTime.date(tz=LOCAL),
         sizeBytes.size(zero='0',precision=3,units_out=M):label="SIZE (MB)"
    )
2024-10-13 02:59:43,167 INFO     root            Display format: "    table[title="ARTIFACT_REGISTRY"](
         name.basename():label=REPOSITORY,
         format:label=FORMAT,
         mode.basename(undefined=STANDARD_REPOSITORY):label=MODE,
         description:label=DESCRIPTION,
         name.segment(3):label=LOCATION,
         labels.list():label=LABELS,
         kmsKeyName.yesno(yes='Customer-managed key', no='Google-managed key'):label=ENCRYPTION,
         createTime.date(tz=LOCAL),
         updateTime.date(tz=LOCAL),
         sizeBytes.size(zero='0',precision=3,units_out=M):label="SIZE (MB)"
    )"
2024-10-13 02:59:43,188 INFO     ___FILE_ONLY___                                                                         ARTIFACT_REGISTRY
2024-10-13 02:59:43,188 INFO     ___FILE_ONLY___ 

2024-10-13 02:59:43,188 INFO     ___FILE_ONLY___ REPOSITORY
2024-10-13 02:59:43,188 INFO     ___FILE_ONLY___               
2024-10-13 02:59:43,188 INFO     ___FILE_ONLY___ FORMAT
2024-10-13 02:59:43,188 INFO     ___FILE_ONLY___   
2024-10-13 02:59:43,188 INFO     ___FILE_ONLY___ MODE
2024-10-13 02:59:43,188 INFO     ___FILE_ONLY___                  
2024-10-13 02:59:43,188 INFO     ___FILE_ONLY___ DESCRIPTION
2024-10-13 02:59:43,188 INFO     ___FILE_ONLY___         
2024-10-13 02:59:43,188 INFO     ___FILE_ONLY___ LOCATION
2024-10-13 02:59:43,188 INFO     ___FILE_ONLY___    
2024-10-13 02:59:43,188 INFO     ___FILE_ONLY___ LABELS
2024-10-13 02:59:43,188 INFO     ___FILE_ONLY___   
2024-10-13 02:59:43,188 INFO     ___FILE_ONLY___ ENCRYPTION
2024-10-13 02:59:43,188 INFO     ___FILE_ONLY___           
2024-10-13 02:59:43,188 INFO     ___FILE_ONLY___ CREATE_TIME
2024-10-13 02:59:43,188 INFO     ___FILE_ONLY___           
2024-10-13 02:59:43,188 INFO     ___FILE_ONLY___ UPDATE_TIME
2024-10-13 02:59:43,188 INFO     ___FILE_ONLY___           
2024-10-13 02:59:43,188 INFO     ___FILE_ONLY___ SIZE (MB)
2024-10-13 02:59:43,188 INFO     ___FILE_ONLY___ 

2024-10-13 02:59:43,188 INFO     ___FILE_ONLY___ hackathon
2024-10-13 02:59:43,188 INFO     ___FILE_ONLY___                
2024-10-13 02:59:43,188 INFO     ___FILE_ONLY___ DOCKER
2024-10-13 02:59:43,188 INFO     ___FILE_ONLY___   
2024-10-13 02:59:43,188 INFO     ___FILE_ONLY___ STANDARD_REPOSITORY
2024-10-13 02:59:43,188 INFO     ___FILE_ONLY___                      
2024-10-13 02:59:43,188 INFO     ___FILE_ONLY___ us-south1
2024-10-13 02:59:43,188 INFO     ___FILE_ONLY___           
2024-10-13 02:59:43,188 INFO     ___FILE_ONLY___ Google-managed key
2024-10-13 02:59:43,188 INFO     ___FILE_ONLY___   
2024-10-13 02:59:43,188 INFO     ___FILE_ONLY___ 2024-10-13T02:54:30
2024-10-13 02:59:43,188 INFO     ___FILE_ONLY___   
2024-10-13 02:59:43,189 INFO     ___FILE_ONLY___ 2024-10-13T02:54:30
2024-10-13 02:59:43,189 INFO     ___FILE_ONLY___   
2024-10-13 02:59:43,189 INFO     ___FILE_ONLY___ 0
2024-10-13 02:59:43,189 INFO     ___FILE_ONLY___ 

2024-10-13 02:59:43,189 INFO     ___FILE_ONLY___ quickstart-docker-repo
2024-10-13 02:59:43,189 INFO     ___FILE_ONLY___   
2024-10-13 02:59:43,189 INFO     ___FILE_ONLY___ DOCKER
2024-10-13 02:59:43,189 INFO     ___FILE_ONLY___   
2024-10-13 02:59:43,189 INFO     ___FILE_ONLY___ STANDARD_REPOSITORY
2024-10-13 02:59:43,189 INFO     ___FILE_ONLY___   
2024-10-13 02:59:43,189 INFO     ___FILE_ONLY___ Docker repository
2024-10-13 02:59:43,189 INFO     ___FILE_ONLY___   
2024-10-13 02:59:43,189 INFO     ___FILE_ONLY___ us-west2
2024-10-13 02:59:43,189 INFO     ___FILE_ONLY___            
2024-10-13 02:59:43,189 INFO     ___FILE_ONLY___ Google-managed key
2024-10-13 02:59:43,189 INFO     ___FILE_ONLY___   
2024-10-13 02:59:43,189 INFO     ___FILE_ONLY___ 2024-10-13T02:56:25
2024-10-13 02:59:43,189 INFO     ___FILE_ONLY___   
2024-10-13 02:59:43,189 INFO     ___FILE_ONLY___ 2024-10-13T02:56:25
2024-10-13 02:59:43,189 INFO     ___FILE_ONLY___   
2024-10-13 02:59:43,189 INFO     ___FILE_ONLY___ 0
2024-10-13 02:59:43,189 INFO     ___FILE_ONLY___ 

