2024-10-13 02:54:24,310 DEBUG    root            Loaded Command Group: ['gcloud', 'init']
2024-10-13 02:54:24,310 DEBUG    root            Running [gcloud.init] with arguments: []
2024-10-13 02:54:24,310 INFO     ___FILE_ONLY___ Welcome! This command will take you through the configuration of gcloud.


2024-10-13 02:54:24,311 INFO     ___FILE_ONLY___ Your current configuration has been set to: [default]


2024-10-13 02:54:24,311 INFO     ___FILE_ONLY___ You can skip diagnostics next time by using the following flag:

2024-10-13 02:54:24,311 INFO     ___FILE_ONLY___   gcloud init --skip-diagnostics


2024-10-13 02:54:24,376 INFO     ___FILE_ONLY___ Network diagnostic detects and fixes local network connection issues.

2024-10-13 02:54:24,376 INFO     ___FILE_ONLY___ Checking network connection...
2024-10-13 02:54:25,945 DEBUG    urllib3.connectionpool Starting new HTTPS connection (1): accounts.google.com:443
2024-10-13 02:54:26,193 DEBUG    urllib3.connectionpool https://accounts.google.com:443 "GET / HTTP/1.1" 302 365
2024-10-13 02:54:26,251 DEBUG    urllib3.connectionpool https://accounts.google.com:443 "GET /ServiceLogin?passive=1209600&continue=https%3A%2F%2Faccounts.google.com%2F&followup=https%3A%2F%2Faccounts.google.com%2F HTTP/1.1" 302 0
2024-10-13 02:54:26,320 DEBUG    urllib3.connectionpool https://accounts.google.com:443 "GET /InteractiveLogin?continue=https://accounts.google.com/&followup=https://accounts.google.com/&passive=1209600&ifkv=ARpgrqf9uUrQnL8R0CVtJ9k8_3xOdQAhUAzXjbqi3v-8BStwT-59QPB3XyhER8EainMvd_GyyGLi0g HTTP/1.1" 302 555
2024-10-13 02:54:26,419 DEBUG    urllib3.connectionpool https://accounts.google.com:443 "GET /v3/signin/identifier?continue=https%3A%2F%2Faccounts.google.com%2F&followup=https%3A%2F%2Faccounts.google.com%2F&ifkv=ARpgrqckSFvoe5UZygYaM4ZDLlzpabL6dHZEo5Q-mHwQwQQJgufD5akfZV4355VX79PX1p0UYkEEhg&passive=1209600&flowName=WebLiteSignIn&flowEntry=ServiceLogin&dsh=S-1844424084%3A1728809666396473 HTTP/1.1" 200 None
2024-10-13 02:54:26,628 DEBUG    urllib3.connectionpool Starting new HTTPS connection (1): cloudresourcemanager.googleapis.com:443
2024-10-13 02:54:26,968 DEBUG    urllib3.connectionpool https://cloudresourcemanager.googleapis.com:443 "GET /v1beta1/projects HTTP/1.1" 401 None
2024-10-13 02:54:26,976 DEBUG    urllib3.connectionpool Starting new HTTPS connection (1): www.googleapis.com:443
2024-10-13 02:54:27,189 DEBUG    urllib3.connectionpool https://www.googleapis.com:443 "GET /auth/cloud-platform HTTP/1.1" 200 14
2024-10-13 02:54:27,202 DEBUG    urllib3.connectionpool Starting new HTTPS connection (1): dl.google.com:443
2024-10-13 02:54:27,321 DEBUG    urllib3.connectionpool https://dl.google.com:443 "GET /dl/cloudsdk/channels/rapid/components-2.json HTTP/1.1" 200 227002
2024-10-13 02:54:27,438 INFO     ___FILE_ONLY___ Reachability Check passed.

2024-10-13 02:54:27,438 INFO     ___FILE_ONLY___ Network diagnostic passed (1/1 checks passed).


2024-10-13 02:54:30,724 DEBUG    root            Loaded Command Group: ['gcloud', 'auth']
2024-10-13 02:54:30,744 DEBUG    root            Loaded Command Group: ['gcloud', 'auth', 'login']
2024-10-13 02:54:30,745 INFO     root            Executing: [gcloud auth login --force --brief]
2024-10-13 02:54:30,746 DEBUG    root            Running [gcloud.auth.login] with arguments: [--brief: "True", --force: "True"]
2024-10-13 02:54:30,860 DEBUG    requests_oauthlib.oauth2_session Generated new state 1XcXlmGgCqb0hXVrTNonPZixFAFvXI.
2024-10-13 02:54:30,984 INFO     ___FILE_ONLY___ Your browser has been opened to visit:

    https://accounts.google.com/o/oauth2/auth?response_type=code&client_id=32555940559.apps.googleusercontent.com&redirect_uri=http%3A%2F%2Flocalhost%3A8085%2F&scope=openid+https%3A%2F%2Fwww.googleapis.com%2Fauth%2Fuserinfo.email+https%3A%2F%2Fwww.googleapis.com%2Fauth%2Fcloud-platform+https%3A%2F%2Fwww.googleapis.com%2Fauth%2Fappengine.admin+https%3A%2F%2Fwww.googleapis.com%2Fauth%2Fsqlservice.login+https%3A%2F%2Fwww.googleapis.com%2Fauth%2Fcompute+https%3A%2F%2Fwww.googleapis.com%2Fauth%2Faccounts.reauth&state=1XcXlmGgCqb0hXVrTNonPZixFAFvXI&access_type=offline&code_challenge=5IJTgxIJk4vKLwtsTp1g40PF-Cp-UjPBXCs_Y7ZzobM&code_challenge_method=S256


2024-10-13 02:54:48,742 INFO     google_auth_oauthlib.flow "GET /?state=1XcXlmGgCqb0hXVrTNonPZixFAFvXI&code=4/0AVG7fiRfYvW1IHhk-eqaErfVx6bq4VTEDj7BwPM8L5mnl4Dkw8iRkH1kBDdbBVVmXyQMwg&scope=email%20openid%20https://www.googleapis.com/auth/userinfo.email%20https://www.googleapis.com/auth/cloud-platform%20https://www.googleapis.com/auth/appengine.admin%20https://www.googleapis.com/auth/sqlservice.login%20https://www.googleapis.com/auth/compute%20https://www.googleapis.com/auth/accounts.reauth&authuser=0&hd=latgkepod.joonix.net&prompt=consent HTTP/1.1" 200 959
2024-10-13 02:54:48,743 DEBUG    requests_oauthlib.oauth2_session Requesting url https://oauth2.googleapis.com/token using method POST.
2024-10-13 02:54:48,743 DEBUG    requests_oauthlib.oauth2_session Supplying headers {b'Accept': b'application/json', b'Content-Type': b'application/x-www-form-urlencoded;charset=UTF-8', b'user-agent': b'google-cloud-sdk gcloud/496.0.0 command/gcloud.auth.login invocation-id/93e7e9ba5ff54ff6917e66a60dae8844 environment/None environment-version/None client-os/MACOSX client-os-ver/24.0.0 client-pltf-arch/arm interactive/True from-script/False python/3.12.7 term/xterm-256color (Macintosh; Intel Mac OS X 24.0.0)'} and data {'grant_type': 'authorization_code', 'client_id': '32555940559.apps.googleusercontent.com', 'client_secret': 'ZmssLNjJy2998hD4CTg2ejr2', 'code': '4/0AVG7fiRfYvW1IHhk-eqaErfVx6bq4VTEDj7BwPM8L5mnl4Dkw8iRkH1kBDdbBVVmXyQMwg', 'redirect_uri': 'http://localhost:8085/', 'code_verifier': 'XMrSCQRjyEE1eOBEq5Jj3E3D6.dcH~mcIKX3_DcHacuF0KrOKKULlKV_Wk7JMVCHjo9yyGhbLpVPZJm0v4V1vM6tLnb-bNWTAr-k_ukxPc2RDPgkF-MccihOcSaJC9Pw'}
2024-10-13 02:54:48,744 DEBUG    requests_oauthlib.oauth2_session Passing through key word arguments {'json': None, 'timeout': None, 'auth': None, 'verify': None, 'proxies': None}.
2024-10-13 02:54:48,745 DEBUG    urllib3.connectionpool Starting new HTTPS connection (1): oauth2.googleapis.com:443
2024-10-13 02:54:48,966 DEBUG    urllib3.connectionpool https://oauth2.googleapis.com:443 "POST /token HTTP/1.1" 200 None
2024-10-13 02:54:48,967 DEBUG    requests_oauthlib.oauth2_session Prepared fetch token request body grant_type=authorization_code&client_id=32555940559.apps.googleusercontent.com&client_secret=ZmssLNjJy2998hD4CTg2ejr2&code=4%2F0AVG7fiRfYvW1IHhk-eqaErfVx6bq4VTEDj7BwPM8L5mnl4Dkw8iRkH1kBDdbBVVmXyQMwg&redirect_uri=http%3A%2F%2Flocalhost%3A8085%2F&code_verifier=XMrSCQRjyEE1eOBEq5Jj3E3D6.dcH~mcIKX3_DcHacuF0KrOKKULlKV_Wk7JMVCHjo9yyGhbLpVPZJm0v4V1vM6tLnb-bNWTAr-k_ukxPc2RDPgkF-MccihOcSaJC9Pw
2024-10-13 02:54:48,967 DEBUG    requests_oauthlib.oauth2_session Request to fetch token completed with status 200.
2024-10-13 02:54:48,968 DEBUG    requests_oauthlib.oauth2_session Request headers were {'user-agent': b'google-cloud-sdk gcloud/496.0.0 command/gcloud.auth.login invocation-id/93e7e9ba5ff54ff6917e66a60dae8844 environment/None environment-version/None client-os/MACOSX client-os-ver/24.0.0 client-pltf-arch/arm interactive/True from-script/False python/3.12.7 term/xterm-256color (Macintosh; Intel Mac OS X 24.0.0)', 'Accept-Encoding': 'gzip, deflate', 'Accept': b'application/json', 'Connection': 'keep-alive', 'Content-Type': b'application/x-www-form-urlencoded;charset=UTF-8', 'Content-Length': '387'}
2024-10-13 02:54:48,968 DEBUG    requests_oauthlib.oauth2_session Request body was grant_type=authorization_code&client_id=32555940559.apps.googleusercontent.com&client_secret=ZmssLNjJy2998hD4CTg2ejr2&code=4%2F0AVG7fiRfYvW1IHhk-eqaErfVx6bq4VTEDj7BwPM8L5mnl4Dkw8iRkH1kBDdbBVVmXyQMwg&redirect_uri=http%3A%2F%2Flocalhost%3A8085%2F&code_verifier=XMrSCQRjyEE1eOBEq5Jj3E3D6.dcH~mcIKX3_DcHacuF0KrOKKULlKV_Wk7JMVCHjo9yyGhbLpVPZJm0v4V1vM6tLnb-bNWTAr-k_ukxPc2RDPgkF-MccihOcSaJC9Pw
2024-10-13 02:54:48,968 DEBUG    requests_oauthlib.oauth2_session Response headers were {'Pragma': 'no-cache', 'Cache-Control': 'no-cache, no-store, max-age=0, must-revalidate', 'Date': 'Sun, 13 Oct 2024 08:54:49 GMT', 'Expires': 'Mon, 01 Jan 1990 00:00:00 GMT', 'Content-Type': 'application/json; charset=utf-8', 'Vary': 'Origin, X-Origin, Referer', 'Content-Encoding': 'gzip', 'Server': 'scaffolding on HTTPServer2', 'X-XSS-Protection': '0', 'X-Frame-Options': 'SAMEORIGIN', 'X-Content-Type-Options': 'nosniff', 'Alt-Svc': 'h3=":443"; ma=2592000,h3-29=":443"; ma=2592000', 'Transfer-Encoding': 'chunked'} and content {
  "access_token": "ya29.a0AcM612zQ4NlqYkrx1twmwIEIrGtnQev8ShOz6ht8KVhu5uCeKdWzWeymD-9Oy_cqbm5QXgkUilXzAxEZeSGP5zfypMrckgqkHg1TT58Q0c1JsZx4WcVo1TcGB4MJIuaRSEVlfEHxp60vMvwfB0BqzFYtmZV5LfRVCIGbNNn595VQ6QaCgYKAYoSARESFQHGX2MiuvZaAONwrmGyzGSUinxG9A0181",
  "expires_in": 3599,
  "refresh_token": "1//0fMeDwFulEO5WCgYIARAAGA8SNwF-L9IrC5cc-FQUeJwFl9AHG2PwLt26bW8rh7DC8LhYxcDobyO6AKy8qTLdi0k2BHZ73WNrT9w",
  "scope": "https://www.googleapis.com/auth/compute https://www.googleapis.com/auth/userinfo.email https://www.googleapis.com/auth/cloud-platform https://www.googleapis.com/auth/sqlservice.login openid https://www.googleapis.com/auth/appengine.admin https://www.googleapis.com/auth/accounts.reauth",
  "token_type": "Bearer",
  "id_token": "eyJhbGciOiJSUzI1NiIsImtpZCI6ImE1MGY2ZTcwZWY0YjU0OGE1ZmQ5MTQyZWVjZDFmYjhmNTRkY2U5ZWUiLCJ0eXAiOiJKV1QifQ.eyJpc3MiOiJodHRwczovL2FjY291bnRzLmdvb2dsZS5jb20iLCJhenAiOiIzMjU1NTk0MDU1OS5hcHBzLmdvb2dsZXVzZXJjb250ZW50LmNvbSIsImF1ZCI6IjMyNTU1OTQwNTU5LmFwcHMuZ29vZ2xldXNlcmNvbnRlbnQuY29tIiwic3ViIjoiMTAyMzczNTY3NzI2OTc3NDYyNjEwIiwiaGQiOiJsYXRna2Vwb2Quam9vbml4Lm5ldCIsImVtYWlsIjoiaGFja2F0b24tYmFub3J0ZS11c2VyLTM5QGxhdGdrZXBvZC5qb29uaXgubmV0IiwiZW1haWxfdmVyaWZpZWQiOnRydWUsImF0X2hhc2giOiJSMlEwQklaSHNEMW1fSGRIdWwzQWpnIiwiaWF0IjoxNzI4ODA5Njg5LCJleHAiOjE3Mjg4MTMyODl9.B2bcSzYN2jEOtDaa06BcYAQ5VdRqykzhwrFT2weZLXXRVgnJD7xbWQnSFLhp3RVAtFQvco7_4kTRQfDlg24YKGTXL7g_5dwBb9oiis9yUTAitocfa39dJmW_ezWTrcpXPZd-_wSs4iIh7k2mCDPokDjgjmiNMLqPiximL5UwKje8uW96bD0CAaoBdBWe_IkYWQEU6brpMzayxMAgVRPT2U60Ye-BnzNH-IHiFJZ2MVIPpiCq2PvwZPiqduqzBbqxFVLARbgqe_lfnCQo0CfMFOIArzMW1ToHTqSsa1vYNpBV3fJjdjMJ7_YC1Z0pWIyGBbcrk3sNoEUK8gZ89NaNRA"
}.
2024-10-13 02:54:48,968 DEBUG    requests_oauthlib.oauth2_session Invoking 0 token response hooks.
2024-10-13 02:54:48,968 DEBUG    requests_oauthlib.oauth2_session Obtained token {'access_token': 'ya29.a0AcM612zQ4NlqYkrx1twmwIEIrGtnQev8ShOz6ht8KVhu5uCeKdWzWeymD-9Oy_cqbm5QXgkUilXzAxEZeSGP5zfypMrckgqkHg1TT58Q0c1JsZx4WcVo1TcGB4MJIuaRSEVlfEHxp60vMvwfB0BqzFYtmZV5LfRVCIGbNNn595VQ6QaCgYKAYoSARESFQHGX2MiuvZaAONwrmGyzGSUinxG9A0181', 'expires_in': 3599, 'refresh_token': '1//0fMeDwFulEO5WCgYIARAAGA8SNwF-L9IrC5cc-FQUeJwFl9AHG2PwLt26bW8rh7DC8LhYxcDobyO6AKy8qTLdi0k2BHZ73WNrT9w', 'scope': ['https://www.googleapis.com/auth/compute', 'https://www.googleapis.com/auth/userinfo.email', 'https://www.googleapis.com/auth/cloud-platform', 'https://www.googleapis.com/auth/sqlservice.login', 'openid', 'https://www.googleapis.com/auth/appengine.admin', 'https://www.googleapis.com/auth/accounts.reauth'], 'token_type': 'Bearer', 'id_token': 'eyJhbGciOiJSUzI1NiIsImtpZCI6ImE1MGY2ZTcwZWY0YjU0OGE1ZmQ5MTQyZWVjZDFmYjhmNTRkY2U5ZWUiLCJ0eXAiOiJKV1QifQ.eyJpc3MiOiJodHRwczovL2FjY291bnRzLmdvb2dsZS5jb20iLCJhenAiOiIzMjU1NTk0MDU1OS5hcHBzLmdvb2dsZXVzZXJjb250ZW50LmNvbSIsImF1ZCI6IjMyNTU1OTQwNTU5LmFwcHMuZ29vZ2xldXNlcmNvbnRlbnQuY29tIiwic3ViIjoiMTAyMzczNTY3NzI2OTc3NDYyNjEwIiwiaGQiOiJsYXRna2Vwb2Quam9vbml4Lm5ldCIsImVtYWlsIjoiaGFja2F0b24tYmFub3J0ZS11c2VyLTM5QGxhdGdrZXBvZC5qb29uaXgubmV0IiwiZW1haWxfdmVyaWZpZWQiOnRydWUsImF0X2hhc2giOiJSMlEwQklaSHNEMW1fSGRIdWwzQWpnIiwiaWF0IjoxNzI4ODA5Njg5LCJleHAiOjE3Mjg4MTMyODl9.B2bcSzYN2jEOtDaa06BcYAQ5VdRqykzhwrFT2weZLXXRVgnJD7xbWQnSFLhp3RVAtFQvco7_4kTRQfDlg24YKGTXL7g_5dwBb9oiis9yUTAitocfa39dJmW_ezWTrcpXPZd-_wSs4iIh7k2mCDPokDjgjmiNMLqPiximL5UwKje8uW96bD0CAaoBdBWe_IkYWQEU6brpMzayxMAgVRPT2U60Ye-BnzNH-IHiFJZ2MVIPpiCq2PvwZPiqduqzBbqxFVLARbgqe_lfnCQo0CfMFOIArzMW1ToHTqSsa1vYNpBV3fJjdjMJ7_YC1Z0pWIyGBbcrk3sNoEUK8gZ89NaNRA', 'expires_at': 1728813287.96843}.
2024-10-13 02:54:48,987 DEBUG    root            Chosen display Format:none
2024-10-13 02:54:48,988 INFO     root            Display format: "none"
2024-10-13 02:54:49,006 DEBUG    root            Checking for updates...
2024-10-13 02:54:49,008 DEBUG    urllib3.connectionpool Starting new HTTPS connection (1): dl.google.com:443
2024-10-13 02:54:49,174 DEBUG    urllib3.connectionpool https://dl.google.com:443 "GET /dl/cloudsdk/channels/rapid/components-2.json HTTP/1.1" 200 227002
2024-10-13 02:54:49,244 DEBUG    root            Updating notification cache...
2024-10-13 02:54:49,250 INFO     ___FILE_ONLY___ You are signed in as: [hackaton-banorte-user-39@latgkepod.joonix.net].


2024-10-13 02:54:49,282 DEBUG    urllib3.connectionpool Starting new HTTPS connection (1): cloudresourcemanager.googleapis.com:443
2024-10-13 02:54:49,725 DEBUG    urllib3.connectionpool https://cloudresourcemanager.googleapis.com:443 "GET /v1/projects?alt=json&filter=lifecycleState%3AACTIVE&pageSize=201 HTTP/1.1" 200 None
2024-10-13 02:55:19,128 INFO     ___FILE_ONLY___ Your current project has been set to: [gcp-banorte-hackaton-team-39].


2024-10-13 02:55:19,230 DEBUG    root            Loaded Command Group: ['gcloud', 'compute']
2024-10-13 02:55:19,247 DEBUG    root            Loaded Command Group: ['gcloud', 'compute', 'project_info']
2024-10-13 02:55:19,262 DEBUG    root            Loaded Command Group: ['gcloud', 'compute', 'project-info', 'describe']
2024-10-13 02:55:19,263 INFO     root            Executing: [gcloud compute project-info describe --quiet]
2024-10-13 02:55:19,263 DEBUG    root            Running [gcloud.compute.project-info.describe] with arguments: [--no-user-output-enabled: "false", --quiet: "True", --verbosity: "none"]
2024-10-13 02:55:19,425 DEBUG    urllib3.connectionpool Starting new HTTPS connection (1): compute.googleapis.com:443
2024-10-13 02:55:19,830 DEBUG    urllib3.connectionpool https://compute.googleapis.com:443 "GET /compute/v1/projects/gcp-banorte-hackaton-team-39?alt=json HTTP/1.1" 200 None
2024-10-13 02:55:19,837 INFO     root            Display disabled.
2024-10-13 02:55:30,311 DEBUG    root            Loaded Command Group: ['gcloud', 'compute', 'zones']
2024-10-13 02:55:30,316 DEBUG    root            Loaded Command Group: ['gcloud', 'compute', 'zones', 'list']
2024-10-13 02:55:30,317 INFO     root            Executing: [gcloud compute zones list]
2024-10-13 02:55:30,319 DEBUG    root            Running [gcloud.compute.zones.list] with arguments: [--no-user-output-enabled: "false", --verbosity: "none"]
2024-10-13 02:55:30,333 INFO     root            Display disabled.
2024-10-13 02:55:30,335 DEBUG    urllib3.connectionpool Starting new HTTPS connection (1): compute.googleapis.com:443
2024-10-13 02:55:30,737 DEBUG    urllib3.connectionpool https://compute.googleapis.com:443 "GET /compute/v1/projects/gcp-banorte-hackaton-team-39/zones?alt=json&maxResults=500 HTTP/1.1" 200 None
2024-10-13 02:55:36,394 INFO     ___FILE_ONLY___ Your project default Compute Engine zone has been set to [us-east1-b].
You can change it by running [gcloud config set compute/zone NAME].


2024-10-13 02:55:36,397 DEBUG    root            Loaded Command Group: ['gcloud', 'compute', 'regions']
2024-10-13 02:55:36,402 DEBUG    root            Loaded Command Group: ['gcloud', 'compute', 'regions', 'describe']
2024-10-13 02:55:36,404 INFO     root            Executing: [gcloud compute regions describe https://www.googleapis.com/compute/v1/projects/gcp-banorte-hackaton-team-39/regions/us-east1]
2024-10-13 02:55:36,405 DEBUG    root            Running [gcloud.compute.regions.describe] with arguments: [--no-user-output-enabled: "false", --verbosity: "none", NAME: "https://www.googleapis.com/compute/v1/projects/gcp-banorte-hackaton-team-39/regions/us-east1"]
2024-10-13 02:55:36,411 DEBUG    urllib3.connectionpool Starting new HTTPS connection (1): compute.googleapis.com:443
2024-10-13 02:55:36,726 DEBUG    urllib3.connectionpool https://compute.googleapis.com:443 "GET /compute/v1/projects/gcp-banorte-hackaton-team-39/regions/us-east1?alt=json HTTP/1.1" 200 None
2024-10-13 02:55:36,735 INFO     root            Display disabled.
2024-10-13 02:55:36,744 INFO     ___FILE_ONLY___ Your project default Compute Engine region has been set to [us-east1].
You can change it by running [gcloud config set compute/region NAME].


2024-10-13 02:55:36,745 DEBUG    root            Executing command: ['/opt/homebrew/share/google-cloud-sdk/bin/gsutil', 'config', '-n', '-o', '/Users/alonso284/.boto']
2024-10-13 02:55:38,905 DEBUG    ___FILE_ONLY___ 
2024-10-13 02:55:38,905 DEBUG    ___FILE_ONLY___ /opt/homebrew/share/google-cloud-sdk/platform/gsutil/gslib/vendored/boto/boto/__init__.py:1105: SyntaxWarning: invalid escape sequence '\c'
  """
/opt/homebrew/share/google-cloud-sdk/platform/gsutil/gslib/vendored/boto/boto/pyami/config.py:98: SyntaxWarning: invalid escape sequence '\s'
  match = re.match("^#import[\s\t]*([^\s^\t]*)[\s\t]*$", line)
/opt/homebrew/share/google-cloud-sdk/platform/gsutil/third_party/pyasn1/pyasn1/type/constraint.py:100: SyntaxWarning: invalid escape sequence '\*'
  """Create a SingleValueConstraint object.
/opt/homebrew/share/google-cloud-sdk/platform/gsutil/third_party/pyasn1/pyasn1/type/constraint.py:141: SyntaxWarning: invalid escape sequence '\*'
  """Create a ContainedSubtypeConstraint object.
/opt/homebrew/share/google-cloud-sdk/platform/gsutil/third_party/pyasn1/pyasn1/type/constraint.py:301: SyntaxWarning: invalid escape sequence '\*'
  """Create a PermittedAlphabetConstraint object.
/opt/homebrew/share/google-cloud-sdk/platform/gsutil/third_party/pyasn1/pyasn1/type/constraint.py:457: SyntaxWarning: invalid escape sequence '\*'
  """Create a ConstraintsIntersection logic operator object.
/opt/homebrew/share/google-cloud-sdk/platform/gsutil/third_party/pyasn1/pyasn1/type/constraint.py:501: SyntaxWarning: invalid escape sequence '\*'
  """Create a ConstraintsUnion logic operator object.
/opt/homebrew/share/google-cloud-sdk/platform/gsutil/third_party/pyasn1/pyasn1/type/namedval.py:15: SyntaxWarning: invalid escape sequence '\*'
  """Create named values object.
/opt/homebrew/share/google-cloud-sdk/platform/gsutil/gslib/vendored/boto/boto/connection.py:672: SyntaxWarning: invalid escape sequence '\w'
  '(?:(?P<user>[\w\-\.]+):(?P<pass>.*)@)?'
/opt/homebrew/share/google-cloud-sdk/platform/gsutil/gslib/vendored/boto/boto/connection.py:673: SyntaxWarning: invalid escape sequence '\w'
  '(?P<host>[\w\-\.]+)'
/opt/homebrew/share/google-cloud-sdk/platform/gsutil/gslib/vendored/boto/boto/connection.py:674: SyntaxWarning: invalid escape sequence '\d'
  '(?::(?P<port>\d+))?'
/opt/homebrew/share/google-cloud-sdk/platform/gsutil/gslib/vendored/boto/boto/connection.py:1121: SyntaxWarning: invalid escape sequence '\.'
  'specific endpoint this request was sent to\.'
/opt/homebrew/share/google-cloud-sdk/platform/gsutil/gslib/vendored/boto/boto/https_connection.py:80: SyntaxWarning: invalid escape sequence '\.'
  host_re = host.replace('.', '\.').replace('*', '[^.]*')
This command will create a boto config file at /Users/alonso284/.boto
containing your credentials, based on your responses to the following
questions.

Boto config file "/Users/alonso284/.boto" created. If you need to use
a proxy to access the Internet please see the instructions in that
file.

2024-10-13 02:55:38,905 INFO     ___FILE_ONLY___ Created a default .boto configuration file at [/Users/alonso284/.boto]. See this file and
[https://cloud.google.com/storage/docs/gsutil/commands/config] for more
information about configuring Google Cloud Storage.

2024-10-13 02:55:38,905 INFO     ___FILE_ONLY___ The Google Cloud CLI is configured and ready to use!


2024-10-13 02:55:38,905 INFO     ___FILE_ONLY___ * Commands that require authentication will use hackaton-banorte-user-39@latgkepod.joonix.net by default

2024-10-13 02:55:38,905 INFO     ___FILE_ONLY___ * Commands will reference project `gcp-banorte-hackaton-team-39` by default

2024-10-13 02:55:38,905 INFO     ___FILE_ONLY___ * Compute Engine commands will use region `us-east1` by default

2024-10-13 02:55:38,905 INFO     ___FILE_ONLY___ * Compute Engine commands will use zone `us-east1-b` by default


2024-10-13 02:55:38,905 INFO     ___FILE_ONLY___ Run `gcloud help config` to learn how to change individual settings


2024-10-13 02:55:38,905 INFO     ___FILE_ONLY___ This gcloud configuration is called [default]. You can create additional configurations if you work with multiple accounts and/or projects.

2024-10-13 02:55:38,906 INFO     ___FILE_ONLY___ Run `gcloud topic configurations` to learn more.


2024-10-13 02:55:38,906 INFO     ___FILE_ONLY___ Some things to try next:


2024-10-13 02:55:38,906 INFO     ___FILE_ONLY___ * Run `gcloud --help` to see the Cloud Platform services you can interact with. And run `gcloud help COMMAND` to get help on any gcloud command.

2024-10-13 02:55:38,906 INFO     ___FILE_ONLY___ * Run `gcloud topic --help` to learn about advanced features of the CLI like arg files and output formatting

2024-10-13 02:55:38,906 INFO     ___FILE_ONLY___ * Run `gcloud cheat-sheet` to see a roster of go-to `gcloud` commands.

2024-10-13 02:55:38,906 DEBUG    root            Chosen display Format:default
2024-10-13 02:55:38,906 INFO     root            Display format: "default"
